2020-07-19 00:49:48.367 [http-nio-8080-exec-1] INFO  c.c.i.basefilter.UserResourceFilter - user resource filter is invoked with url:[/],(method:[GET]) from client:[127.0.0.1].(configured protected Urls:[^/(info$|health$|env$|swagger|v2|device/queryByConsoleId/|device/queryByStationId/|registrationSource/activeSorted).*, auth/login, auth/code]
2020-07-19 00:49:48.446 [http-nio-8080-exec-1] INFO  c.c.i.basefilter.UserResourceFilter - Completed request in [83] millis
2020-07-19 00:49:48.998 [http-nio-8080-exec-2] INFO  c.c.i.basefilter.UserResourceFilter - user resource filter is invoked with url:[/favicon.ico],(method:[GET]) from client:[127.0.0.1].(configured protected Urls:[^/(info$|health$|env$|swagger|v2|device/queryByConsoleId/|device/queryByStationId/|registrationSource/activeSorted).*, auth/login, auth/code]
2020-07-19 00:49:49.002 [http-nio-8080-exec-2] INFO  c.c.i.basefilter.UserResourceFilter - Completed request in [4] millis
2020-07-19 00:49:54.432 [http-nio-8080-exec-3] INFO  c.c.i.basefilter.UserResourceFilter - user resource filter is invoked with url:[/auth/login],(method:[GET]) from client:[127.0.0.1].(configured protected Urls:[^/(info$|health$|env$|swagger|v2|device/queryByConsoleId/|device/queryByStationId/|registrationSource/activeSorted).*, auth/login, auth/code]
2020-07-19 00:49:54.435 [http-nio-8080-exec-3] INFO  c.c.i.basefilter.UserResourceFilter - Completed request in [3] millis
2020-07-19 00:49:54.648 [http-nio-8080-exec-4] INFO  c.c.i.basefilter.UserResourceFilter - user resource filter is invoked with url:[/favicon.ico],(method:[GET]) from client:[127.0.0.1].(configured protected Urls:[^/(info$|health$|env$|swagger|v2|device/queryByConsoleId/|device/queryByStationId/|registrationSource/activeSorted).*, auth/login, auth/code]
2020-07-19 00:49:54.652 [http-nio-8080-exec-4] INFO  c.c.i.basefilter.UserResourceFilter - Completed request in [4] millis
2020-07-19 00:51:50.508 [http-nio-8080-exec-1] INFO  c.c.i.basefilter.UserResourceFilter - user resource filter is invoked with url:[/auth/login],(method:[GET]) from client:[127.0.0.1].(configured protected Urls:[^/(info$|health$|env$|swagger|v2|device/queryByConsoleId/|device/queryByStationId/|registrationSource/activeSorted).*, ^/(auth/login), ^/(auth/code)]
2020-07-19 00:51:50.515 [http-nio-8080-exec-1] INFO  c.c.i.basefilter.UserResourceFilter - user resource filter is invoked with url:[/auth/login],(method:[GET]) from client:[127.0.0.1].(configured protected Urls:[^/(info$|health$|env$|swagger|v2|device/queryByConsoleId/|device/queryByStationId/|registrationSource/activeSorted).*, ^/(auth/login), ^/(auth/code)]
2020-07-19 00:51:50.516 [http-nio-8080-exec-1] INFO  c.c.i.basefilter.UserResourceFilter - Invoked permission filter for [anonymousUser]
2020-07-19 00:51:50.529 [http-nio-8080-exec-1] INFO  c.c.i.basefilter.UserResourceFilter - Completed request in [14] millis
2020-07-19 00:51:50.529 [http-nio-8080-exec-1] INFO  c.c.i.basefilter.UserResourceFilter - Completed request in [24] millis
2020-07-19 00:51:50.547 [http-nio-8080-exec-1] INFO  c.c.i.basefilter.UserResourceFilter - user resource filter is invoked with url:[/error],(method:[GET]) from client:[127.0.0.1].(configured protected Urls:[^/(info$|health$|env$|swagger|v2|device/queryByConsoleId/|device/queryByStationId/|registrationSource/activeSorted).*, ^/(auth/login), ^/(auth/code)]
2020-07-19 00:51:50.580 [http-nio-8080-exec-1] INFO  c.c.i.basefilter.UserResourceFilter - Completed request in [33] millis
2020-07-19 00:51:51.077 [http-nio-8080-exec-2] INFO  c.c.i.basefilter.UserResourceFilter - user resource filter is invoked with url:[/favicon.ico],(method:[GET]) from client:[127.0.0.1].(configured protected Urls:[^/(info$|health$|env$|swagger|v2|device/queryByConsoleId/|device/queryByStationId/|registrationSource/activeSorted).*, ^/(auth/login), ^/(auth/code)]
2020-07-19 00:51:51.156 [http-nio-8080-exec-2] INFO  c.c.i.basefilter.UserResourceFilter - Completed request in [79] millis
2020-07-19 00:53:54.408 [http-nio-8080-exec-6] INFO  c.c.i.basefilter.UserResourceFilter - user resource filter is invoked with url:[/auth/login],(method:[POST]) from client:[0:0:0:0:0:0:0:1].(configured protected Urls:[^/(info$|health$|env$|swagger|v2|device/queryByConsoleId/|device/queryByStationId/|registrationSource/activeSorted).*, ^/(auth/login), ^/(auth/code)]
2020-07-19 00:53:54.410 [http-nio-8080-exec-6] INFO  c.c.i.basefilter.UserResourceFilter - user resource filter is invoked with url:[/auth/login],(method:[POST]) from client:[0:0:0:0:0:0:0:1].(configured protected Urls:[^/(info$|health$|env$|swagger|v2|device/queryByConsoleId/|device/queryByStationId/|registrationSource/activeSorted).*, ^/(auth/login), ^/(auth/code)]
2020-07-19 00:53:54.410 [http-nio-8080-exec-6] INFO  c.c.i.basefilter.UserResourceFilter - Invoked permission filter for [anonymousUser]
2020-07-19 00:53:54.414 [http-nio-8080-exec-6] INFO  c.c.i.basefilter.UserResourceFilter - Completed request in [4] millis
2020-07-19 00:53:54.415 [http-nio-8080-exec-6] INFO  c.c.i.basefilter.UserResourceFilter - Completed request in [7] millis
2020-07-19 00:53:54.439 [http-nio-8080-exec-6] INFO  c.c.i.basefilter.UserResourceFilter - user resource filter is invoked with url:[/error],(method:[POST]) from client:[0:0:0:0:0:0:0:1].(configured protected Urls:[^/(info$|health$|env$|swagger|v2|device/queryByConsoleId/|device/queryByStationId/|registrationSource/activeSorted).*, ^/(auth/login), ^/(auth/code)]
2020-07-19 00:53:54.504 [http-nio-8080-exec-6] INFO  c.c.i.basefilter.UserResourceFilter - Completed request in [65] millis
2020-07-19 00:55:59.874 [http-nio-8080-exec-1] INFO  c.c.i.basefilter.UserResourceFilter - user resource filter is invoked with url:[/auth/login],(method:[POST]) from client:[0:0:0:0:0:0:0:1].(configured protected Urls:[^/(info$|health$|env$|swagger|v2|device/queryByConsoleId/|device/queryByStationId/|registrationSource/activeSorted).*, ^/(auth/login).*, ^/(auth/code).*]
2020-07-19 00:55:59.888 [http-nio-8080-exec-1] INFO  c.c.i.basefilter.UserResourceFilter - user resource filter is invoked with url:[/auth/login],(method:[POST]) from client:[0:0:0:0:0:0:0:1].(configured protected Urls:[^/(info$|health$|env$|swagger|v2|device/queryByConsoleId/|device/queryByStationId/|registrationSource/activeSorted).*, ^/(auth/login).*, ^/(auth/code).*]
2020-07-19 00:55:59.891 [http-nio-8080-exec-1] INFO  c.c.i.basefilter.UserResourceFilter - Invoked permission filter for [anonymousUser]
2020-07-19 00:55:59.912 [http-nio-8080-exec-1] INFO  c.c.i.basefilter.UserResourceFilter - Completed request in [24] millis
2020-07-19 00:55:59.913 [http-nio-8080-exec-1] INFO  c.c.i.basefilter.UserResourceFilter - Completed request in [43] millis
2020-07-19 00:55:59.943 [http-nio-8080-exec-1] INFO  c.c.i.basefilter.UserResourceFilter - user resource filter is invoked with url:[/error],(method:[POST]) from client:[0:0:0:0:0:0:0:1].(configured protected Urls:[^/(info$|health$|env$|swagger|v2|device/queryByConsoleId/|device/queryByStationId/|registrationSource/activeSorted).*, ^/(auth/login).*, ^/(auth/code).*]
2020-07-19 00:56:00.194 [http-nio-8080-exec-1] INFO  c.c.i.basefilter.UserResourceFilter - Completed request in [251] millis
2020-07-19 00:56:18.037 [http-nio-8080-exec-3] INFO  c.c.i.basefilter.UserResourceFilter - user resource filter is invoked with url:[/mappings],(method:[POST]) from client:[0:0:0:0:0:0:0:1].(configured protected Urls:[^/(info$|health$|env$|swagger|v2|device/queryByConsoleId/|device/queryByStationId/|registrationSource/activeSorted).*, ^/(auth/login).*, ^/(auth/code).*]
2020-07-19 00:56:18.079 [http-nio-8080-exec-3] INFO  c.c.i.basefilter.UserResourceFilter - Completed request in [42] millis
2020-07-19 00:56:55.123 [http-nio-8080-exec-2] INFO  c.c.i.basefilter.UserResourceFilter - user resource filter is invoked with url:[/mappings],(method:[POST]) from client:[0:0:0:0:0:0:0:1].(configured protected Urls:[^/(info$|health$|env$|swagger|v2|device/queryByConsoleId/|device/queryByStationId/|registrationSource/activeSorted).*, ^/(auth/login).*, ^/(auth/code).*, ^/(mappings$).*]
2020-07-19 00:56:55.139 [http-nio-8080-exec-2] INFO  c.c.i.basefilter.UserResourceFilter - user resource filter is invoked with url:[/mappings],(method:[POST]) from client:[0:0:0:0:0:0:0:1].(configured protected Urls:[^/(info$|health$|env$|swagger|v2|device/queryByConsoleId/|device/queryByStationId/|registrationSource/activeSorted).*, ^/(auth/login).*, ^/(auth/code).*, ^/(mappings$).*]
2020-07-19 00:56:55.140 [http-nio-8080-exec-2] INFO  c.c.i.basefilter.UserResourceFilter - Invoked permission filter for [anonymousUser]
2020-07-19 00:56:55.159 [http-nio-8080-exec-2] INFO  c.c.i.basefilter.UserResourceFilter - Completed request in [21] millis
2020-07-19 00:56:55.160 [http-nio-8080-exec-2] INFO  c.c.i.basefilter.UserResourceFilter - Completed request in [41] millis
2020-07-19 00:56:55.198 [http-nio-8080-exec-2] INFO  c.c.i.basefilter.UserResourceFilter - user resource filter is invoked with url:[/error],(method:[POST]) from client:[0:0:0:0:0:0:0:1].(configured protected Urls:[^/(info$|health$|env$|swagger|v2|device/queryByConsoleId/|device/queryByStationId/|registrationSource/activeSorted).*, ^/(auth/login).*, ^/(auth/code).*, ^/(mappings$).*]
2020-07-19 00:56:55.443 [http-nio-8080-exec-2] INFO  c.c.i.basefilter.UserResourceFilter - Completed request in [245] millis
2020-07-19 01:39:52.796 [http-nio-8080-exec-1] INFO  c.c.i.basefilter.UserResourceFilter - user resource filter is invoked with url:[/mappings],(method:[POST]) from client:[0:0:0:0:0:0:0:1].(configured protected Urls:[^/(info$|health$|env$|swagger|v2|device/queryByConsoleId/|device/queryByStationId/|registrationSource/activeSorted).*, ^/(auth/login).*, ^/(auth/code).*, ^/(mappings$).*]
2020-07-19 01:39:52.810 [http-nio-8080-exec-1] INFO  c.c.i.basefilter.UserResourceFilter - user resource filter is invoked with url:[/mappings],(method:[POST]) from client:[0:0:0:0:0:0:0:1].(configured protected Urls:[^/(info$|health$|env$|swagger|v2|device/queryByConsoleId/|device/queryByStationId/|registrationSource/activeSorted).*, ^/(auth/login).*, ^/(auth/code).*, ^/(mappings$).*]
2020-07-19 01:39:52.810 [http-nio-8080-exec-1] INFO  c.c.i.basefilter.UserResourceFilter - Invoked permission filter for [anonymousUser]
2020-07-19 01:39:52.829 [http-nio-8080-exec-1] INFO  c.c.i.basefilter.UserResourceFilter - Completed request in [20] millis
2020-07-19 01:39:52.829 [http-nio-8080-exec-1] INFO  c.c.i.basefilter.UserResourceFilter - Completed request in [37] millis
2020-07-19 01:39:52.860 [http-nio-8080-exec-1] INFO  c.c.i.basefilter.UserResourceFilter - user resource filter is invoked with url:[/error],(method:[POST]) from client:[0:0:0:0:0:0:0:1].(configured protected Urls:[^/(info$|health$|env$|swagger|v2|device/queryByConsoleId/|device/queryByStationId/|registrationSource/activeSorted).*, ^/(auth/login).*, ^/(auth/code).*, ^/(mappings$).*]
2020-07-19 01:39:53.076 [http-nio-8080-exec-1] INFO  c.c.i.basefilter.UserResourceFilter - Completed request in [216] millis
2020-07-19 01:40:01.255 [http-nio-8080-exec-3] INFO  c.c.i.basefilter.UserResourceFilter - user resource filter is invoked with url:[/auth/login],(method:[POST]) from client:[0:0:0:0:0:0:0:1].(configured protected Urls:[^/(info$|health$|env$|swagger|v2|device/queryByConsoleId/|device/queryByStationId/|registrationSource/activeSorted).*, ^/(auth/login).*, ^/(auth/code).*, ^/(mappings$).*]
2020-07-19 01:40:01.258 [http-nio-8080-exec-3] INFO  c.c.i.basefilter.UserResourceFilter - user resource filter is invoked with url:[/auth/login],(method:[POST]) from client:[0:0:0:0:0:0:0:1].(configured protected Urls:[^/(info$|health$|env$|swagger|v2|device/queryByConsoleId/|device/queryByStationId/|registrationSource/activeSorted).*, ^/(auth/login).*, ^/(auth/code).*, ^/(mappings$).*]
2020-07-19 01:40:01.258 [http-nio-8080-exec-3] INFO  c.c.i.basefilter.UserResourceFilter - Invoked permission filter for [anonymousUser]
2020-07-19 01:40:01.260 [http-nio-8080-exec-3] INFO  c.c.i.basefilter.UserResourceFilter - Completed request in [3] millis
2020-07-19 01:40:01.261 [http-nio-8080-exec-3] INFO  c.c.i.basefilter.UserResourceFilter - Completed request in [6] millis
2020-07-19 01:40:01.287 [http-nio-8080-exec-3] INFO  c.c.i.basefilter.UserResourceFilter - user resource filter is invoked with url:[/error],(method:[POST]) from client:[0:0:0:0:0:0:0:1].(configured protected Urls:[^/(info$|health$|env$|swagger|v2|device/queryByConsoleId/|device/queryByStationId/|registrationSource/activeSorted).*, ^/(auth/login).*, ^/(auth/code).*, ^/(mappings$).*]
2020-07-19 01:40:01.291 [http-nio-8080-exec-3] INFO  c.c.i.basefilter.UserResourceFilter - Completed request in [4] millis
2020-07-19 01:42:43.516 [http-nio-8080-exec-1] INFO  c.c.i.basefilter.UserResourceFilter - user resource filter is invoked with url:[/auth/login],(method:[GET]) from client:[127.0.0.1].(configured protected Urls:[^/(info$|health$|env$|swagger|v2|device/queryByConsoleId/|device/queryByStationId/|registrationSource/activeSorted).*, ^/(auth/login).*, ^/(auth/code).*, ^/(mappings$).*]
2020-07-19 01:42:43.525 [http-nio-8080-exec-1] INFO  c.c.i.basefilter.UserResourceFilter - user resource filter is invoked with url:[/auth/login],(method:[GET]) from client:[127.0.0.1].(configured protected Urls:[^/(info$|health$|env$|swagger|v2|device/queryByConsoleId/|device/queryByStationId/|registrationSource/activeSorted).*, ^/(auth/login).*, ^/(auth/code).*, ^/(mappings$).*]
2020-07-19 01:42:43.525 [http-nio-8080-exec-1] INFO  c.c.i.basefilter.UserResourceFilter - Invoked permission filter for [anonymousUser]
2020-07-19 01:42:43.541 [http-nio-8080-exec-1] INFO  c.c.i.basefilter.UserResourceFilter - Completed request in [16] millis
2020-07-19 01:42:43.541 [http-nio-8080-exec-1] INFO  c.c.i.basefilter.UserResourceFilter - Completed request in [29] millis
2020-07-19 01:42:43.576 [http-nio-8080-exec-1] INFO  c.c.i.basefilter.UserResourceFilter - user resource filter is invoked with url:[/error],(method:[GET]) from client:[127.0.0.1].(configured protected Urls:[^/(info$|health$|env$|swagger|v2|device/queryByConsoleId/|device/queryByStationId/|registrationSource/activeSorted).*, ^/(auth/login).*, ^/(auth/code).*, ^/(mappings$).*]
2020-07-19 01:42:43.659 [http-nio-8080-exec-1] INFO  c.c.i.basefilter.UserResourceFilter - Completed request in [84] millis
2020-07-19 01:42:44.235 [http-nio-8080-exec-2] INFO  c.c.i.basefilter.UserResourceFilter - user resource filter is invoked with url:[/favicon.ico],(method:[GET]) from client:[127.0.0.1].(configured protected Urls:[^/(info$|health$|env$|swagger|v2|device/queryByConsoleId/|device/queryByStationId/|registrationSource/activeSorted).*, ^/(auth/login).*, ^/(auth/code).*, ^/(mappings$).*]
2020-07-19 01:42:44.287 [http-nio-8080-exec-2] INFO  c.c.i.basefilter.UserResourceFilter - Completed request in [52] millis
2020-07-19 01:42:55.786 [http-nio-8080-exec-4] INFO  c.c.i.basefilter.UserResourceFilter - user resource filter is invoked with url:[/auth/login],(method:[POST]) from client:[0:0:0:0:0:0:0:1].(configured protected Urls:[^/(info$|health$|env$|swagger|v2|device/queryByConsoleId/|device/queryByStationId/|registrationSource/activeSorted).*, ^/(auth/login).*, ^/(auth/code).*, ^/(mappings$).*]
2020-07-19 01:42:55.787 [http-nio-8080-exec-4] INFO  c.c.i.basefilter.UserResourceFilter - user resource filter is invoked with url:[/auth/login],(method:[POST]) from client:[0:0:0:0:0:0:0:1].(configured protected Urls:[^/(info$|health$|env$|swagger|v2|device/queryByConsoleId/|device/queryByStationId/|registrationSource/activeSorted).*, ^/(auth/login).*, ^/(auth/code).*, ^/(mappings$).*]
2020-07-19 01:42:55.788 [http-nio-8080-exec-4] INFO  c.c.i.basefilter.UserResourceFilter - Invoked permission filter for [anonymousUser]
2020-07-19 01:42:55.790 [http-nio-8080-exec-4] INFO  c.c.i.basefilter.UserResourceFilter - Completed request in [3] millis
2020-07-19 01:42:55.790 [http-nio-8080-exec-4] INFO  c.c.i.basefilter.UserResourceFilter - Completed request in [4] millis
2020-07-19 01:42:55.823 [http-nio-8080-exec-4] INFO  c.c.i.basefilter.UserResourceFilter - user resource filter is invoked with url:[/error],(method:[POST]) from client:[0:0:0:0:0:0:0:1].(configured protected Urls:[^/(info$|health$|env$|swagger|v2|device/queryByConsoleId/|device/queryByStationId/|registrationSource/activeSorted).*, ^/(auth/login).*, ^/(auth/code).*, ^/(mappings$).*]
2020-07-19 01:42:55.861 [http-nio-8080-exec-4] INFO  c.c.i.basefilter.UserResourceFilter - Completed request in [38] millis
2020-07-19 01:49:24.609 [http-nio-8080-exec-1] INFO  c.b.i.basefilter.UserResourceFilter - user resource filter is invoked with url:[/auth/login],(method:[POST]) from client:[0:0:0:0:0:0:0:1].(configured protected Urls:[^/(info$|health$|env$|swagger|v2|device/queryByConsoleId/|device/queryByStationId/|registrationSource/activeSorted).*, ^/(auth/login).*, ^/(auth/code).*, ^/(mappings$).*]
2020-07-19 01:49:24.624 [http-nio-8080-exec-1] INFO  c.b.i.basefilter.UserResourceFilter - user resource filter is invoked with url:[/auth/login],(method:[POST]) from client:[0:0:0:0:0:0:0:1].(configured protected Urls:[^/(info$|health$|env$|swagger|v2|device/queryByConsoleId/|device/queryByStationId/|registrationSource/activeSorted).*, ^/(auth/login).*, ^/(auth/code).*, ^/(mappings$).*]
2020-07-19 01:49:24.625 [http-nio-8080-exec-1] INFO  c.b.i.basefilter.UserResourceFilter - Invoked permission filter for [anonymousUser]
2020-07-19 01:49:24.645 [http-nio-8080-exec-1] INFO  c.b.i.basefilter.UserResourceFilter - Completed request in [21] millis
2020-07-19 01:49:24.646 [http-nio-8080-exec-1] INFO  c.b.i.basefilter.UserResourceFilter - Completed request in [42] millis
2020-07-19 01:49:24.678 [http-nio-8080-exec-1] INFO  c.b.i.basefilter.UserResourceFilter - user resource filter is invoked with url:[/error],(method:[POST]) from client:[0:0:0:0:0:0:0:1].(configured protected Urls:[^/(info$|health$|env$|swagger|v2|device/queryByConsoleId/|device/queryByStationId/|registrationSource/activeSorted).*, ^/(auth/login).*, ^/(auth/code).*, ^/(mappings$).*]
2020-07-19 01:49:24.847 [http-nio-8080-exec-1] INFO  c.b.i.basefilter.UserResourceFilter - Completed request in [169] millis
2020-07-19 14:21:58.509 [http-nio-8080-exec-2] INFO  c.c.i.basefilter.UserResourceFilter - user resource filter is invoked with url:[/login],(method:[POST]) from client:[0:0:0:0:0:0:0:1].(configured protected Urls:[^/(info$|health$|env$|swagger|v2|device/queryByConsoleId/|device/queryByStationId/|registrationSource/activeSorted).*, ^/(auth/login).*, ^/(auth/code).*]
2020-07-19 14:21:58.679 [http-nio-8080-exec-2] INFO  c.c.i.basefilter.UserResourceFilter - Completed request in [174] millis
2020-07-19 14:22:06.531 [http-nio-8080-exec-3] INFO  c.c.i.basefilter.UserResourceFilter - user resource filter is invoked with url:[/auth/login],(method:[POST]) from client:[0:0:0:0:0:0:0:1].(configured protected Urls:[^/(info$|health$|env$|swagger|v2|device/queryByConsoleId/|device/queryByStationId/|registrationSource/activeSorted).*, ^/(auth/login).*, ^/(auth/code).*]
2020-07-19 14:22:06.533 [http-nio-8080-exec-3] INFO  c.c.i.basefilter.UserResourceFilter - user resource filter is invoked with url:[/auth/login],(method:[POST]) from client:[0:0:0:0:0:0:0:1].(configured protected Urls:[^/(info$|health$|env$|swagger|v2|device/queryByConsoleId/|device/queryByStationId/|registrationSource/activeSorted).*, ^/(auth/login).*, ^/(auth/code).*]
2020-07-19 14:22:06.535 [http-nio-8080-exec-3] INFO  c.c.i.basefilter.UserResourceFilter - Invoked permission filter for [anonymousUser]
2020-07-19 14:22:06.615 [http-nio-8080-exec-3] INFO  c.c.i.basefilter.UserResourceFilter - Completed request in [82] millis
2020-07-19 14:22:06.616 [http-nio-8080-exec-3] INFO  c.c.i.basefilter.UserResourceFilter - Completed request in [85] millis
2020-07-19 14:22:13.935 [http-nio-8080-exec-4] INFO  c.c.i.basefilter.UserResourceFilter - user resource filter is invoked with url:[/auth/login],(method:[POST]) from client:[0:0:0:0:0:0:0:1].(configured protected Urls:[^/(info$|health$|env$|swagger|v2|device/queryByConsoleId/|device/queryByStationId/|registrationSource/activeSorted).*, ^/(auth/login).*, ^/(auth/code).*]
2020-07-19 14:22:13.936 [http-nio-8080-exec-4] INFO  c.c.i.basefilter.UserResourceFilter - user resource filter is invoked with url:[/auth/login],(method:[POST]) from client:[0:0:0:0:0:0:0:1].(configured protected Urls:[^/(info$|health$|env$|swagger|v2|device/queryByConsoleId/|device/queryByStationId/|registrationSource/activeSorted).*, ^/(auth/login).*, ^/(auth/code).*]
2020-07-19 14:22:13.936 [http-nio-8080-exec-4] INFO  c.c.i.basefilter.UserResourceFilter - Invoked permission filter for [anonymousUser]
2020-07-19 14:22:13.941 [http-nio-8080-exec-4] INFO  c.c.i.basefilter.UserResourceFilter - Completed request in [5] millis
2020-07-19 14:22:13.942 [http-nio-8080-exec-4] INFO  c.c.i.basefilter.UserResourceFilter - Completed request in [7] millis
2020-07-19 14:23:27.136 [http-nio-8080-exec-2] INFO  c.c.i.basefilter.UserResourceFilter - user resource filter is invoked with url:[/auth/login],(method:[POST]) from client:[0:0:0:0:0:0:0:1].(configured protected Urls:[^/(info$|health$|env$|swagger|v2|device/queryByConsoleId/|device/queryByStationId/|registrationSource/activeSorted).*, ^/(auth/login).*, ^/(auth/code).*]
2020-07-19 14:23:27.153 [http-nio-8080-exec-2] INFO  c.c.i.basefilter.UserResourceFilter - user resource filter is invoked with url:[/auth/login],(method:[POST]) from client:[0:0:0:0:0:0:0:1].(configured protected Urls:[^/(info$|health$|env$|swagger|v2|device/queryByConsoleId/|device/queryByStationId/|registrationSource/activeSorted).*, ^/(auth/login).*, ^/(auth/code).*]
2020-07-19 14:23:27.154 [http-nio-8080-exec-2] INFO  c.c.i.basefilter.UserResourceFilter - Invoked permission filter for [anonymousUser]
2020-07-19 14:23:27.316 [http-nio-8080-exec-2] INFO  c.c.i.basefilter.UserResourceFilter - Completed request in [163] millis
2020-07-19 14:23:27.318 [http-nio-8080-exec-2] INFO  c.c.i.basefilter.UserResourceFilter - Completed request in [188] millis
2020-07-19 14:43:20.601 [http-nio-8080-exec-1] INFO  c.c.i.basefilter.UserResourceFilter - user resource filter is invoked with url:[/auth],(method:[POST]) from client:[0:0:0:0:0:0:0:1].(configured protected Urls:[^/(info$|health$|env$|swagger|v2|device/queryByConsoleId/|device/queryByStationId/|registrationSource/activeSorted).*, ^/(auth/login).*, ^/(auth/code).*]
2020-07-19 14:43:20.711 [http-nio-8080-exec-1] INFO  c.c.i.basefilter.UserResourceFilter - Completed request in [115] millis
2020-07-19 14:46:53.935 [http-nio-8080-exec-2] INFO  c.c.i.basefilter.UserResourceFilter - user resource filter is invoked with url:[/auth],(method:[POST]) from client:[0:0:0:0:0:0:0:1].(configured protected Urls:[^/(info$|health$|env$|swagger|v2|device/queryByConsoleId/|device/queryByStationId/|registrationSource/activeSorted).*, ^/(auth/login).*, ^/(auth/code).*]
2020-07-19 14:46:54.141 [http-nio-8080-exec-2] INFO  c.c.i.basefilter.UserResourceFilter - Completed request in [215] millis
2020-07-19 14:46:57.953 [http-nio-8080-exec-3] INFO  c.c.i.basefilter.UserResourceFilter - user resource filter is invoked with url:[/auth/login],(method:[POST]) from client:[0:0:0:0:0:0:0:1].(configured protected Urls:[^/(info$|health$|env$|swagger|v2|device/queryByConsoleId/|device/queryByStationId/|registrationSource/activeSorted).*, ^/(auth/login).*, ^/(auth/code).*]
2020-07-19 14:46:57.955 [http-nio-8080-exec-3] INFO  c.c.i.basefilter.UserResourceFilter - user resource filter is invoked with url:[/auth/login],(method:[POST]) from client:[0:0:0:0:0:0:0:1].(configured protected Urls:[^/(info$|health$|env$|swagger|v2|device/queryByConsoleId/|device/queryByStationId/|registrationSource/activeSorted).*, ^/(auth/login).*, ^/(auth/code).*]
2020-07-19 14:46:57.956 [http-nio-8080-exec-3] INFO  c.c.i.basefilter.UserResourceFilter - Invoked permission filter for [anonymousUser]
2020-07-19 14:46:58.073 [http-nio-8080-exec-3] INFO  c.c.i.basefilter.UserResourceFilter - Completed request in [118] millis
2020-07-19 14:46:58.075 [http-nio-8080-exec-3] INFO  c.c.i.basefilter.UserResourceFilter - Completed request in [122] millis
